2024-04-29 22:25:13,103 (root) Initializing Heralding version 1.0.7
2024-04-29 22:25:13,103 (root) Using default config file: "/usr/local/lib/python3.9/dist-packages/heralding/heralding.yml", if you want to customize values please copy this file to the current working directory
2024-04-29 22:25:13,117 (heralding.honeypot) Using default wordlist file: "/usr/local/lib/python3.9/dist-packages/heralding/wordlist.txt", if you want to customize values please copy this file to the current working directory
2024-04-29 22:25:13,118 (heralding.reporting.file_logger) File logger: Using /logs/log_auth.csv to log authentication attempts in CSV format.
2024-04-29 22:25:13,118 (heralding.reporting.file_logger) File logger: Using /logs/log_session.csv to log unified session data in CSV format.
2024-04-29 22:25:13,118 (heralding.reporting.file_logger) File logger: Using /logs/log_session.json to log complete session data in JSON format.
2024-04-29 22:25:13,119 (heralding.honeypot) Started MySQL capability listening on port 3306
2024-04-29 22:25:13,119 (heralding.honeypot) Started Imap capability listening on port 143
2024-04-29 22:25:13,431 (heralding.honeypot) Started Imaps capability listening on port 993
2024-04-29 22:25:13,432 (heralding.honeypot) Started smtp capability listening on port 25
2024-04-29 22:25:13,432 (heralding.honeypot) Started Http capability listening on port 80
2024-04-29 22:25:13,432 (heralding.honeypot) Started Vnc capability listening on port 5900
2024-04-29 22:25:14,232 (heralding.honeypot) Started RDP capability listening on port 3389
2024-04-29 22:25:14,232 (heralding.honeypot) Started PostgreSQL capability listening on port 5432
2024-04-29 22:25:14,233 (heralding.honeypot) Started Pop3 capability listening on port 110
2024-04-29 22:25:14,233 (heralding.honeypot) Started ftp capability listening on port 21
2024-04-29 22:25:14,539 (heralding.honeypot) Started Pop3S capability listening on port 995
2024-04-29 22:25:14,831 (heralding.honeypot) Started https capability listening on port 443
2024-04-29 22:25:15,327 (heralding.honeypot) Started SSH capability listening on port 22
2024-04-29 22:25:16,069 (heralding.honeypot) Started smtps capability listening on port 465
2024-04-29 22:25:16,069 (heralding.honeypot) Started Socks5 capability listening on port 1080
2024-04-29 22:25:16,070 (heralding.honeypot) Started Telnet capability listening on port 23
2024-04-29 22:25:16,070 (root) Privileges dropped, running as nobody/nogroup.
2024-04-29 22:36:23,989 (root) Initializing Heralding version 1.0.7
2024-04-29 22:36:23,989 (root) Using default config file: "/usr/local/lib/python3.9/dist-packages/heralding/heralding.yml", if you want to customize values please copy this file to the current working directory
2024-04-29 22:36:24,004 (heralding.honeypot) Using default wordlist file: "/usr/local/lib/python3.9/dist-packages/heralding/wordlist.txt", if you want to customize values please copy this file to the current working directory
2024-04-29 22:36:24,005 (heralding.reporting.file_logger) File logger: Using /logs/log_auth.csv to log authentication attempts in CSV format.
2024-04-29 22:36:24,005 (heralding.reporting.file_logger) File logger: Using /logs/log_session.csv to log unified session data in CSV format.
2024-04-29 22:36:24,005 (heralding.reporting.file_logger) File logger: Using /logs/log_session.json to log complete session data in JSON format.
2024-04-29 22:36:24,006 (heralding.honeypot) Started MySQL capability listening on port 3306
2024-04-29 22:36:24,006 (heralding.honeypot) Started Imap capability listening on port 143
2024-04-29 22:36:24,008 (heralding.honeypot) Started Imaps capability listening on port 993
2024-04-29 22:36:24,008 (heralding.honeypot) Started smtp capability listening on port 25
2024-04-29 22:36:24,008 (heralding.honeypot) Started Http capability listening on port 80
2024-04-29 22:36:24,009 (heralding.honeypot) Started Vnc capability listening on port 5900
2024-04-29 22:36:24,009 (heralding.honeypot) Started RDP capability listening on port 3389
2024-04-29 22:36:24,009 (heralding.honeypot) Started PostgreSQL capability listening on port 5432
2024-04-29 22:36:24,009 (heralding.honeypot) Started Pop3 capability listening on port 110
2024-04-29 22:36:24,010 (heralding.honeypot) Started ftp capability listening on port 21
2024-04-29 22:36:24,010 (heralding.honeypot) Started Pop3S capability listening on port 995
2024-04-29 22:36:24,011 (heralding.honeypot) Started https capability listening on port 443
2024-04-29 22:36:24,052 (heralding.honeypot) Started SSH capability listening on port 22
2024-04-29 22:36:24,053 (heralding.honeypot) Started smtps capability listening on port 465
2024-04-29 22:36:24,053 (heralding.honeypot) Started Socks5 capability listening on port 1080
2024-04-29 22:36:24,054 (heralding.honeypot) Started Telnet capability listening on port 23
2024-04-29 22:36:24,054 (root) Privileges dropped, running as nobody/nogroup.
2024-04-29 22:41:34,310 (root) Initializing Heralding version 1.0.7
2024-04-29 22:41:34,311 (root) Using default config file: "/usr/local/lib/python3.9/dist-packages/heralding/heralding.yml", if you want to customize values please copy this file to the current working directory
2024-04-29 22:41:34,328 (heralding.honeypot) Using default wordlist file: "/usr/local/lib/python3.9/dist-packages/heralding/wordlist.txt", if you want to customize values please copy this file to the current working directory
2024-04-29 22:41:34,328 (heralding.reporting.file_logger) File logger: Using /logs/log_auth.csv to log authentication attempts in CSV format.
2024-04-29 22:41:34,329 (heralding.reporting.file_logger) File logger: Using /logs/log_session.csv to log unified session data in CSV format.
2024-04-29 22:41:34,329 (heralding.reporting.file_logger) File logger: Using /logs/log_session.json to log complete session data in JSON format.
2024-04-29 22:41:34,329 (heralding.honeypot) Started MySQL capability listening on port 3306
2024-04-29 22:41:34,330 (heralding.honeypot) Started Imap capability listening on port 143
2024-04-29 22:41:34,331 (heralding.honeypot) Started Imaps capability listening on port 993
2024-04-29 22:41:34,331 (heralding.honeypot) Started smtp capability listening on port 25
2024-04-29 22:41:34,331 (heralding.honeypot) Started Http capability listening on port 80
2024-04-29 22:41:34,331 (heralding.honeypot) Started Vnc capability listening on port 5900
2024-04-29 22:41:34,332 (heralding.honeypot) Started RDP capability listening on port 3389
2024-04-29 22:41:34,332 (heralding.honeypot) Started PostgreSQL capability listening on port 5432
2024-04-29 22:41:34,332 (heralding.honeypot) Started Pop3 capability listening on port 110
2024-04-29 22:41:34,332 (heralding.honeypot) Started ftp capability listening on port 21
2024-04-29 22:41:34,333 (heralding.honeypot) Started Pop3S capability listening on port 995
2024-04-29 22:41:34,333 (heralding.honeypot) Started https capability listening on port 443
2024-04-29 22:41:34,375 (heralding.honeypot) Started SSH capability listening on port 22
2024-04-29 22:41:34,375 (heralding.honeypot) Started smtps capability listening on port 465
2024-04-29 22:41:34,375 (heralding.honeypot) Started Socks5 capability listening on port 1080
2024-04-29 22:41:34,376 (heralding.honeypot) Started Telnet capability listening on port 23
2024-04-29 22:41:34,376 (root) Privileges dropped, running as nobody/nogroup.
2024-04-29 22:52:21,667 (root) Initializing Heralding version 1.0.7
2024-04-29 22:52:21,668 (root) Using default config file: "/usr/local/lib/python3.9/dist-packages/heralding/heralding.yml", if you want to customize values please copy this file to the current working directory
2024-04-29 22:52:21,682 (heralding.honeypot) Using default wordlist file: "/usr/local/lib/python3.9/dist-packages/heralding/wordlist.txt", if you want to customize values please copy this file to the current working directory
2024-04-29 22:52:21,683 (heralding.reporting.file_logger) File logger: Using /logs/log_auth.csv to log authentication attempts in CSV format.
2024-04-29 22:52:21,683 (heralding.reporting.file_logger) File logger: Using /logs/log_session.csv to log unified session data in CSV format.
2024-04-29 22:52:21,683 (heralding.reporting.file_logger) File logger: Using /logs/log_session.json to log complete session data in JSON format.
2024-04-29 22:52:21,684 (heralding.honeypot) Started MySQL capability listening on port 3306
2024-04-29 22:52:21,684 (heralding.honeypot) Started Imap capability listening on port 143
2024-04-29 22:52:21,686 (heralding.honeypot) Started Imaps capability listening on port 993
2024-04-29 22:52:21,686 (heralding.honeypot) Started smtp capability listening on port 25
2024-04-29 22:52:21,686 (heralding.honeypot) Started Http capability listening on port 80
2024-04-29 22:52:21,686 (heralding.honeypot) Started Vnc capability listening on port 5900
2024-04-29 22:52:21,687 (heralding.honeypot) Started RDP capability listening on port 3389
2024-04-29 22:52:21,687 (heralding.honeypot) Started PostgreSQL capability listening on port 5432
2024-04-29 22:52:21,687 (heralding.honeypot) Started Pop3 capability listening on port 110
2024-04-29 22:52:21,687 (heralding.honeypot) Started ftp capability listening on port 21
2024-04-29 22:52:21,688 (heralding.honeypot) Started Pop3S capability listening on port 995
2024-04-29 22:52:21,689 (heralding.honeypot) Started https capability listening on port 443
2024-04-29 22:52:21,725 (heralding.honeypot) Started SSH capability listening on port 22
2024-04-29 22:52:21,725 (heralding.honeypot) Started smtps capability listening on port 465
2024-04-29 22:52:21,725 (heralding.honeypot) Started Socks5 capability listening on port 1080
2024-04-29 22:52:21,726 (heralding.honeypot) Started Telnet capability listening on port 23
2024-04-29 22:52:21,726 (root) Privileges dropped, running as nobody/nogroup.
2024-04-29 22:54:37,001 (root) Initializing Heralding version 1.0.7
2024-04-29 22:54:37,002 (root) Using default config file: "/usr/local/lib/python3.9/dist-packages/heralding/heralding.yml", if you want to customize values please copy this file to the current working directory
2024-04-29 22:54:37,016 (heralding.honeypot) Using default wordlist file: "/usr/local/lib/python3.9/dist-packages/heralding/wordlist.txt", if you want to customize values please copy this file to the current working directory
2024-04-29 22:54:37,017 (heralding.reporting.file_logger) File logger: Using /logs/log_auth.csv to log authentication attempts in CSV format.
2024-04-29 22:54:37,017 (heralding.reporting.file_logger) File logger: Using /logs/log_session.csv to log unified session data in CSV format.
2024-04-29 22:54:37,017 (heralding.reporting.file_logger) File logger: Using /logs/log_session.json to log complete session data in JSON format.
2024-04-29 22:54:37,018 (heralding.honeypot) Started MySQL capability listening on port 3306
2024-04-29 22:54:37,018 (heralding.honeypot) Started Imap capability listening on port 143
2024-04-29 22:54:37,019 (heralding.honeypot) Started Imaps capability listening on port 993
2024-04-29 22:54:37,020 (heralding.honeypot) Started smtp capability listening on port 25
2024-04-29 22:54:37,020 (heralding.honeypot) Started Http capability listening on port 80
2024-04-29 22:54:37,020 (heralding.honeypot) Started Vnc capability listening on port 5900
2024-04-29 22:54:37,020 (heralding.honeypot) Started RDP capability listening on port 3389
2024-04-29 22:54:37,021 (heralding.honeypot) Started PostgreSQL capability listening on port 5432
2024-04-29 22:54:37,021 (heralding.honeypot) Started Pop3 capability listening on port 110
2024-04-29 22:54:37,021 (heralding.honeypot) Started ftp capability listening on port 21
2024-04-29 22:54:37,022 (heralding.honeypot) Started Pop3S capability listening on port 995
2024-04-29 22:54:37,022 (heralding.honeypot) Started https capability listening on port 443
2024-04-29 22:54:37,057 (heralding.honeypot) Started SSH capability listening on port 22
2024-04-29 22:54:37,057 (heralding.honeypot) Started smtps capability listening on port 465
2024-04-29 22:54:37,058 (heralding.honeypot) Started Socks5 capability listening on port 1080
2024-04-29 22:54:37,058 (heralding.honeypot) Started Telnet capability listening on port 23
2024-04-29 22:54:37,059 (root) Privileges dropped, running as nobody/nogroup.
2024-04-29 23:03:52,225 (root) Initializing Heralding version 1.0.7
2024-04-29 23:03:52,226 (root) Using default config file: "/usr/local/lib/python3.9/dist-packages/heralding/heralding.yml", if you want to customize values please copy this file to the current working directory
2024-04-29 23:03:52,239 (heralding.honeypot) Using default wordlist file: "/usr/local/lib/python3.9/dist-packages/heralding/wordlist.txt", if you want to customize values please copy this file to the current working directory
2024-04-29 23:03:52,241 (heralding.reporting.file_logger) File logger: Using /logs/log_auth.csv to log authentication attempts in CSV format.
2024-04-29 23:03:52,241 (heralding.reporting.file_logger) File logger: Using /logs/log_session.csv to log unified session data in CSV format.
2024-04-29 23:03:52,241 (heralding.reporting.file_logger) File logger: Using /logs/log_session.json to log complete session data in JSON format.
2024-04-29 23:03:52,242 (heralding.honeypot) Started MySQL capability listening on port 3306
2024-04-29 23:03:52,242 (heralding.honeypot) Started Imap capability listening on port 143
2024-04-29 23:03:52,244 (heralding.honeypot) Started Imaps capability listening on port 993
2024-04-29 23:03:52,244 (heralding.honeypot) Started smtp capability listening on port 25
2024-04-29 23:03:52,244 (heralding.honeypot) Started Http capability listening on port 80
2024-04-29 23:03:52,244 (heralding.honeypot) Started Vnc capability listening on port 5900
2024-04-29 23:03:52,244 (heralding.honeypot) Started RDP capability listening on port 3389
2024-04-29 23:03:52,245 (heralding.honeypot) Started PostgreSQL capability listening on port 5432
2024-04-29 23:03:52,245 (heralding.honeypot) Started Pop3 capability listening on port 110
2024-04-29 23:03:52,245 (heralding.honeypot) Started ftp capability listening on port 21
2024-04-29 23:03:52,246 (heralding.honeypot) Started Pop3S capability listening on port 995
2024-04-29 23:03:52,246 (heralding.honeypot) Started https capability listening on port 443
2024-04-29 23:03:52,282 (heralding.honeypot) Started SSH capability listening on port 22
2024-04-29 23:03:52,283 (heralding.honeypot) Started smtps capability listening on port 465
2024-04-29 23:03:52,283 (heralding.honeypot) Started Socks5 capability listening on port 1080
2024-04-29 23:03:52,283 (heralding.honeypot) Started Telnet capability listening on port 23
2024-04-29 23:03:52,284 (root) Privileges dropped, running as nobody/nogroup.
2024-05-01 20:55:25,374 (root) Initializing Heralding version 1.0.7
2024-05-01 20:55:25,375 (root) Using default config file: "/usr/local/lib/python3.9/dist-packages/heralding/heralding.yml", if you want to customize values please copy this file to the current working directory
2024-05-01 20:55:25,391 (heralding.honeypot) Using default wordlist file: "/usr/local/lib/python3.9/dist-packages/heralding/wordlist.txt", if you want to customize values please copy this file to the current working directory
2024-05-01 20:55:25,392 (heralding.reporting.file_logger) File logger: Using /logs/log_auth.csv to log authentication attempts in CSV format.
2024-05-01 20:55:25,392 (heralding.reporting.file_logger) File logger: Using /logs/log_session.csv to log unified session data in CSV format.
2024-05-01 20:55:25,392 (heralding.reporting.file_logger) File logger: Using /logs/log_session.json to log complete session data in JSON format.
2024-05-01 20:55:25,393 (heralding.honeypot) Started MySQL capability listening on port 3306
2024-05-01 20:55:25,393 (heralding.honeypot) Started Imap capability listening on port 143
2024-05-01 20:55:25,400 (heralding.honeypot) Started Imaps capability listening on port 993
2024-05-01 20:55:25,400 (heralding.honeypot) Started smtp capability listening on port 25
2024-05-01 20:55:25,400 (heralding.honeypot) Started Http capability listening on port 80
2024-05-01 20:55:25,401 (heralding.honeypot) Started Vnc capability listening on port 5900
2024-05-01 20:55:25,401 (heralding.honeypot) Started RDP capability listening on port 3389
2024-05-01 20:55:25,401 (heralding.honeypot) Started PostgreSQL capability listening on port 5432
2024-05-01 20:55:25,401 (heralding.honeypot) Started Pop3 capability listening on port 110
2024-05-01 20:55:25,401 (heralding.honeypot) Started ftp capability listening on port 21
2024-05-01 20:55:25,402 (heralding.honeypot) Started Pop3S capability listening on port 995
2024-05-01 20:55:25,403 (heralding.honeypot) Started https capability listening on port 443
2024-05-01 20:55:25,446 (heralding.honeypot) Started SSH capability listening on port 22
2024-05-01 20:55:25,447 (heralding.honeypot) Started smtps capability listening on port 465
2024-05-01 20:55:25,447 (heralding.honeypot) Started Socks5 capability listening on port 1080
2024-05-01 20:55:25,447 (heralding.honeypot) Started Telnet capability listening on port 23
2024-05-01 20:55:25,448 (root) Privileges dropped, running as nobody/nogroup.
2024-05-01 21:08:14,938 (root) Initializing Heralding version 1.0.7
2024-05-01 21:08:14,938 (root) Using default config file: "/usr/local/lib/python3.9/dist-packages/heralding/heralding.yml", if you want to customize values please copy this file to the current working directory
2024-05-01 21:08:14,963 (heralding.honeypot) Using default wordlist file: "/usr/local/lib/python3.9/dist-packages/heralding/wordlist.txt", if you want to customize values please copy this file to the current working directory
2024-05-01 21:08:14,964 (heralding.reporting.file_logger) File logger: Using /logs/log_auth.csv to log authentication attempts in CSV format.
2024-05-01 21:08:14,965 (heralding.reporting.file_logger) File logger: Using /logs/log_session.csv to log unified session data in CSV format.
2024-05-01 21:08:14,965 (heralding.reporting.file_logger) File logger: Using /logs/log_session.json to log complete session data in JSON format.
2024-05-01 21:08:14,966 (heralding.honeypot) Started MySQL capability listening on port 3306
2024-05-01 21:08:14,966 (heralding.honeypot) Started Imap capability listening on port 143
2024-05-01 21:08:14,968 (heralding.honeypot) Started Imaps capability listening on port 993
2024-05-01 21:08:14,969 (heralding.honeypot) Started smtp capability listening on port 25
2024-05-01 21:08:14,969 (heralding.honeypot) Started Http capability listening on port 80
2024-05-01 21:08:14,969 (heralding.honeypot) Started Vnc capability listening on port 5900
2024-05-01 21:08:14,970 (heralding.honeypot) Started RDP capability listening on port 3389
2024-05-01 21:08:14,970 (heralding.honeypot) Started PostgreSQL capability listening on port 5432
2024-05-01 21:08:14,970 (heralding.honeypot) Started Pop3 capability listening on port 110
2024-05-01 21:08:14,970 (heralding.honeypot) Started ftp capability listening on port 21
2024-05-01 21:08:14,971 (heralding.honeypot) Started Pop3S capability listening on port 995
2024-05-01 21:08:14,972 (heralding.honeypot) Started https capability listening on port 443
2024-05-01 21:08:15,020 (heralding.honeypot) Started SSH capability listening on port 22
2024-05-01 21:08:15,021 (heralding.honeypot) Started smtps capability listening on port 465
2024-05-01 21:08:15,021 (heralding.honeypot) Started Socks5 capability listening on port 1080
2024-05-01 21:08:15,022 (heralding.honeypot) Started Telnet capability listening on port 23
2024-05-01 21:08:15,023 (root) Privileges dropped, running as nobody/nogroup.
2024-05-01 21:13:24,351 (root) Initializing Heralding version 1.0.7
2024-05-01 21:13:24,351 (root) Using default config file: "/usr/local/lib/python3.9/dist-packages/heralding/heralding.yml", if you want to customize values please copy this file to the current working directory
2024-05-01 21:13:24,371 (heralding.honeypot) Using default wordlist file: "/usr/local/lib/python3.9/dist-packages/heralding/wordlist.txt", if you want to customize values please copy this file to the current working directory
2024-05-01 21:13:24,372 (heralding.reporting.file_logger) File logger: Using /logs/log_auth.csv to log authentication attempts in CSV format.
2024-05-01 21:13:24,372 (heralding.reporting.file_logger) File logger: Using /logs/log_session.csv to log unified session data in CSV format.
2024-05-01 21:13:24,372 (heralding.reporting.file_logger) File logger: Using /logs/log_session.json to log complete session data in JSON format.
2024-05-01 21:13:24,373 (heralding.honeypot) Started MySQL capability listening on port 3306
2024-05-01 21:13:24,373 (heralding.honeypot) Started Imap capability listening on port 143
2024-05-01 21:13:24,375 (heralding.honeypot) Started Imaps capability listening on port 993
2024-05-01 21:13:24,375 (heralding.honeypot) Started smtp capability listening on port 25
2024-05-01 21:13:24,375 (heralding.honeypot) Started Http capability listening on port 80
2024-05-01 21:13:24,375 (heralding.honeypot) Started Vnc capability listening on port 5900
2024-05-01 21:13:24,376 (heralding.honeypot) Started RDP capability listening on port 3389
2024-05-01 21:13:24,376 (heralding.honeypot) Started PostgreSQL capability listening on port 5432
2024-05-01 21:13:24,376 (heralding.honeypot) Started Pop3 capability listening on port 110
2024-05-01 21:13:24,376 (heralding.honeypot) Started ftp capability listening on port 21
2024-05-01 21:13:24,377 (heralding.honeypot) Started Pop3S capability listening on port 995
2024-05-01 21:13:24,378 (heralding.honeypot) Started https capability listening on port 443
2024-05-01 21:13:24,438 (heralding.honeypot) Started SSH capability listening on port 22
2024-05-01 21:13:24,438 (heralding.honeypot) Started smtps capability listening on port 465
2024-05-01 21:13:24,439 (heralding.honeypot) Started Socks5 capability listening on port 1080
2024-05-01 21:13:24,439 (heralding.honeypot) Started Telnet capability listening on port 23
2024-05-01 21:13:24,440 (root) Privileges dropped, running as nobody/nogroup.
2024-05-01 21:14:54,358 (root) Initializing Heralding version 1.0.7
2024-05-01 21:14:54,358 (root) Using default config file: "/usr/local/lib/python3.9/dist-packages/heralding/heralding.yml", if you want to customize values please copy this file to the current working directory
2024-05-01 21:14:54,376 (heralding.honeypot) Using default wordlist file: "/usr/local/lib/python3.9/dist-packages/heralding/wordlist.txt", if you want to customize values please copy this file to the current working directory
2024-05-01 21:14:54,377 (heralding.reporting.file_logger) File logger: Using /logs/log_auth.csv to log authentication attempts in CSV format.
2024-05-01 21:14:54,377 (heralding.reporting.file_logger) File logger: Using /logs/log_session.csv to log unified session data in CSV format.
2024-05-01 21:14:54,377 (heralding.reporting.file_logger) File logger: Using /logs/log_session.json to log complete session data in JSON format.
2024-05-01 21:14:54,378 (heralding.honeypot) Started MySQL capability listening on port 3306
2024-05-01 21:14:54,378 (heralding.honeypot) Started Imap capability listening on port 143
2024-05-01 21:14:54,384 (heralding.honeypot) Started Imaps capability listening on port 993
2024-05-01 21:14:54,385 (heralding.honeypot) Started smtp capability listening on port 25
2024-05-01 21:14:54,386 (heralding.honeypot) Started Http capability listening on port 80
2024-05-01 21:14:54,386 (heralding.honeypot) Started Vnc capability listening on port 5900
2024-05-01 21:14:54,386 (heralding.honeypot) Started RDP capability listening on port 3389
2024-05-01 21:14:54,386 (heralding.honeypot) Started PostgreSQL capability listening on port 5432
2024-05-01 21:14:54,386 (heralding.honeypot) Started Pop3 capability listening on port 110
2024-05-01 21:14:54,387 (heralding.honeypot) Started ftp capability listening on port 21
2024-05-01 21:14:54,387 (heralding.honeypot) Started Pop3S capability listening on port 995
2024-05-01 21:14:54,388 (heralding.honeypot) Started https capability listening on port 443
2024-05-01 21:14:54,443 (heralding.honeypot) Started SSH capability listening on port 22
2024-05-01 21:14:54,444 (heralding.honeypot) Started smtps capability listening on port 465
2024-05-01 21:14:54,444 (heralding.honeypot) Started Socks5 capability listening on port 1080
2024-05-01 21:14:54,444 (heralding.honeypot) Started Telnet capability listening on port 23
2024-05-01 21:14:54,445 (root) Privileges dropped, running as nobody/nogroup.
2024-05-01 21:17:28,570 (root) Initializing Heralding version 1.0.7
2024-05-01 21:17:28,571 (root) Using default config file: "/usr/local/lib/python3.9/dist-packages/heralding/heralding.yml", if you want to customize values please copy this file to the current working directory
2024-05-01 21:17:28,586 (heralding.honeypot) Using default wordlist file: "/usr/local/lib/python3.9/dist-packages/heralding/wordlist.txt", if you want to customize values please copy this file to the current working directory
2024-05-01 21:17:28,586 (heralding.reporting.file_logger) File logger: Using /logs/log_auth.csv to log authentication attempts in CSV format.
2024-05-01 21:17:28,587 (heralding.reporting.file_logger) File logger: Using /logs/log_session.csv to log unified session data in CSV format.
2024-05-01 21:17:28,587 (heralding.reporting.file_logger) File logger: Using /logs/log_session.json to log complete session data in JSON format.
2024-05-01 21:17:28,587 (heralding.honeypot) Started MySQL capability listening on port 3306
2024-05-01 21:17:28,587 (heralding.honeypot) Started Imap capability listening on port 143
2024-05-01 21:17:28,589 (heralding.honeypot) Started Imaps capability listening on port 993
2024-05-01 21:17:28,589 (heralding.honeypot) Started smtp capability listening on port 25
2024-05-01 21:17:28,589 (heralding.honeypot) Started Http capability listening on port 80
2024-05-01 21:17:28,589 (heralding.honeypot) Started Vnc capability listening on port 5900
2024-05-01 21:17:28,589 (heralding.honeypot) Started RDP capability listening on port 3389
2024-05-01 21:17:28,590 (heralding.honeypot) Started PostgreSQL capability listening on port 5432
2024-05-01 21:17:28,590 (heralding.honeypot) Started Pop3 capability listening on port 110
2024-05-01 21:17:28,590 (heralding.honeypot) Started ftp capability listening on port 21
2024-05-01 21:17:28,590 (heralding.honeypot) Started Pop3S capability listening on port 995
2024-05-01 21:17:28,591 (heralding.honeypot) Started https capability listening on port 443
2024-05-01 21:17:28,629 (heralding.honeypot) Started SSH capability listening on port 22
2024-05-01 21:17:28,630 (heralding.honeypot) Started smtps capability listening on port 465
2024-05-01 21:17:28,630 (heralding.honeypot) Started Socks5 capability listening on port 1080
2024-05-01 21:17:28,630 (heralding.honeypot) Started Telnet capability listening on port 23
2024-05-01 21:17:28,631 (root) Privileges dropped, running as nobody/nogroup.
2024-05-01 21:21:45,039 (root) Initializing Heralding version 1.0.7
2024-05-01 21:21:45,039 (root) Using default config file: "/usr/local/lib/python3.9/dist-packages/heralding/heralding.yml", if you want to customize values please copy this file to the current working directory
2024-05-01 21:21:45,054 (heralding.honeypot) Using default wordlist file: "/usr/local/lib/python3.9/dist-packages/heralding/wordlist.txt", if you want to customize values please copy this file to the current working directory
2024-05-01 21:21:45,055 (heralding.reporting.file_logger) File logger: Using /logs/log_auth.csv to log authentication attempts in CSV format.
2024-05-01 21:21:45,055 (heralding.reporting.file_logger) File logger: Using /logs/log_session.csv to log unified session data in CSV format.
2024-05-01 21:21:45,055 (heralding.reporting.file_logger) File logger: Using /logs/log_session.json to log complete session data in JSON format.
2024-05-01 21:21:45,056 (heralding.honeypot) Started MySQL capability listening on port 3306
2024-05-01 21:21:45,056 (heralding.honeypot) Started Imap capability listening on port 143
2024-05-01 21:21:45,058 (heralding.honeypot) Started Imaps capability listening on port 993
2024-05-01 21:21:45,058 (heralding.honeypot) Started smtp capability listening on port 25
2024-05-01 21:21:45,058 (heralding.honeypot) Started Http capability listening on port 80
2024-05-01 21:21:45,058 (heralding.honeypot) Started Vnc capability listening on port 5900
2024-05-01 21:21:45,058 (heralding.honeypot) Started RDP capability listening on port 3389
2024-05-01 21:21:45,059 (heralding.honeypot) Started PostgreSQL capability listening on port 5432
2024-05-01 21:21:45,059 (heralding.honeypot) Started Pop3 capability listening on port 110
2024-05-01 21:21:45,059 (heralding.honeypot) Started ftp capability listening on port 21
2024-05-01 21:21:45,060 (heralding.honeypot) Started Pop3S capability listening on port 995
2024-05-01 21:21:45,060 (heralding.honeypot) Started https capability listening on port 443
2024-05-01 21:21:45,096 (heralding.honeypot) Started SSH capability listening on port 22
2024-05-01 21:21:45,097 (heralding.honeypot) Started smtps capability listening on port 465
2024-05-01 21:21:45,097 (heralding.honeypot) Started Socks5 capability listening on port 1080
2024-05-01 21:21:45,097 (heralding.honeypot) Started Telnet capability listening on port 23
2024-05-01 21:21:45,098 (root) Privileges dropped, running as nobody/nogroup.
2024-05-01 21:25:07,967 (root) Initializing Heralding version 1.0.7
2024-05-01 21:25:07,967 (root) Using default config file: "/usr/local/lib/python3.9/dist-packages/heralding/heralding.yml", if you want to customize values please copy this file to the current working directory
2024-05-01 21:25:07,981 (heralding.honeypot) Using default wordlist file: "/usr/local/lib/python3.9/dist-packages/heralding/wordlist.txt", if you want to customize values please copy this file to the current working directory
2024-05-01 21:25:07,982 (heralding.reporting.file_logger) File logger: Using /logs/log_auth.csv to log authentication attempts in CSV format.
2024-05-01 21:25:07,982 (heralding.reporting.file_logger) File logger: Using /logs/log_session.csv to log unified session data in CSV format.
2024-05-01 21:25:07,982 (heralding.reporting.file_logger) File logger: Using /logs/log_session.json to log complete session data in JSON format.
2024-05-01 21:25:07,983 (heralding.honeypot) Started MySQL capability listening on port 3306
2024-05-01 21:25:07,983 (heralding.honeypot) Started Imap capability listening on port 143
2024-05-01 21:25:07,984 (heralding.honeypot) Started Imaps capability listening on port 993
2024-05-01 21:25:07,984 (heralding.honeypot) Started smtp capability listening on port 25
2024-05-01 21:25:07,984 (heralding.honeypot) Started Http capability listening on port 80
2024-05-01 21:25:07,985 (heralding.honeypot) Started Vnc capability listening on port 5900
2024-05-01 21:25:07,985 (heralding.honeypot) Started RDP capability listening on port 3389
2024-05-01 21:25:07,985 (heralding.honeypot) Started PostgreSQL capability listening on port 5432
2024-05-01 21:25:07,985 (heralding.honeypot) Started Pop3 capability listening on port 110
2024-05-01 21:25:07,985 (heralding.honeypot) Started ftp capability listening on port 21
2024-05-01 21:25:07,986 (heralding.honeypot) Started Pop3S capability listening on port 995
2024-05-01 21:25:07,986 (heralding.honeypot) Started https capability listening on port 443
2024-05-01 21:25:08,026 (heralding.honeypot) Started SSH capability listening on port 22
2024-05-01 21:25:08,027 (heralding.honeypot) Started smtps capability listening on port 465
2024-05-01 21:25:08,027 (heralding.honeypot) Started Socks5 capability listening on port 1080
2024-05-01 21:25:08,028 (heralding.honeypot) Started Telnet capability listening on port 23
2024-05-01 21:25:08,028 (root) Privileges dropped, running as nobody/nogroup.
2024-05-01 21:27:46,513 (root) Initializing Heralding version 1.0.7
2024-05-01 21:27:46,514 (root) Using default config file: "/usr/local/lib/python3.9/dist-packages/heralding/heralding.yml", if you want to customize values please copy this file to the current working directory
2024-05-01 21:27:46,529 (heralding.honeypot) Using default wordlist file: "/usr/local/lib/python3.9/dist-packages/heralding/wordlist.txt", if you want to customize values please copy this file to the current working directory
2024-05-01 21:27:46,530 (heralding.reporting.file_logger) File logger: Using /logs/log_auth.csv to log authentication attempts in CSV format.
2024-05-01 21:27:46,531 (heralding.reporting.file_logger) File logger: Using /logs/log_session.csv to log unified session data in CSV format.
2024-05-01 21:27:46,531 (heralding.reporting.file_logger) File logger: Using /logs/log_session.json to log complete session data in JSON format.
2024-05-01 21:27:46,532 (heralding.honeypot) Started MySQL capability listening on port 3306
2024-05-01 21:27:46,532 (heralding.honeypot) Started Imap capability listening on port 143
2024-05-01 21:27:46,534 (heralding.honeypot) Started Imaps capability listening on port 993
2024-05-01 21:27:46,534 (heralding.honeypot) Started smtp capability listening on port 25
2024-05-01 21:27:46,534 (heralding.honeypot) Started Http capability listening on port 80
2024-05-01 21:27:46,534 (heralding.honeypot) Started Vnc capability listening on port 5900
2024-05-01 21:27:46,535 (heralding.honeypot) Started RDP capability listening on port 3389
2024-05-01 21:27:46,535 (heralding.honeypot) Started PostgreSQL capability listening on port 5432
2024-05-01 21:27:46,535 (heralding.honeypot) Started Pop3 capability listening on port 110
2024-05-01 21:27:46,535 (heralding.honeypot) Started ftp capability listening on port 21
2024-05-01 21:27:46,536 (heralding.honeypot) Started Pop3S capability listening on port 995
2024-05-01 21:27:46,536 (heralding.honeypot) Started https capability listening on port 443
2024-05-01 21:27:46,576 (heralding.honeypot) Started SSH capability listening on port 22
2024-05-01 21:27:46,576 (heralding.honeypot) Started smtps capability listening on port 465
2024-05-01 21:27:46,576 (heralding.honeypot) Started Socks5 capability listening on port 1080
2024-05-01 21:27:46,577 (heralding.honeypot) Started Telnet capability listening on port 23
2024-05-01 21:27:46,578 (root) Privileges dropped, running as nobody/nogroup.
2024-05-01 21:31:18,721 (root) Initializing Heralding version 1.0.7
2024-05-01 21:31:18,721 (root) Using default config file: "/usr/local/lib/python3.9/dist-packages/heralding/heralding.yml", if you want to customize values please copy this file to the current working directory
2024-05-01 21:31:18,735 (heralding.honeypot) Using default wordlist file: "/usr/local/lib/python3.9/dist-packages/heralding/wordlist.txt", if you want to customize values please copy this file to the current working directory
2024-05-01 21:31:18,736 (heralding.reporting.file_logger) File logger: Using /logs/log_auth.csv to log authentication attempts in CSV format.
2024-05-01 21:31:18,736 (heralding.reporting.file_logger) File logger: Using /logs/log_session.csv to log unified session data in CSV format.
2024-05-01 21:31:18,736 (heralding.reporting.file_logger) File logger: Using /logs/log_session.json to log complete session data in JSON format.
2024-05-01 21:31:18,737 (heralding.honeypot) Started MySQL capability listening on port 3306
2024-05-01 21:31:18,737 (heralding.honeypot) Started Imap capability listening on port 143
2024-05-01 21:31:18,739 (heralding.honeypot) Started Imaps capability listening on port 993
2024-05-01 21:31:18,739 (heralding.honeypot) Started smtp capability listening on port 25
2024-05-01 21:31:18,739 (heralding.honeypot) Started Http capability listening on port 80
2024-05-01 21:31:18,739 (heralding.honeypot) Started Vnc capability listening on port 5900
2024-05-01 21:31:18,740 (heralding.honeypot) Started RDP capability listening on port 3389
2024-05-01 21:31:18,740 (heralding.honeypot) Started PostgreSQL capability listening on port 5432
2024-05-01 21:31:18,740 (heralding.honeypot) Started Pop3 capability listening on port 110
2024-05-01 21:31:18,740 (heralding.honeypot) Started ftp capability listening on port 21
2024-05-01 21:31:18,741 (heralding.honeypot) Started Pop3S capability listening on port 995
2024-05-01 21:31:18,741 (heralding.honeypot) Started https capability listening on port 443
2024-05-01 21:31:18,778 (heralding.honeypot) Started SSH capability listening on port 22
2024-05-01 21:31:18,778 (heralding.honeypot) Started smtps capability listening on port 465
2024-05-01 21:31:18,778 (heralding.honeypot) Started Socks5 capability listening on port 1080
2024-05-01 21:31:18,779 (heralding.honeypot) Started Telnet capability listening on port 23
2024-05-01 21:31:18,779 (root) Privileges dropped, running as nobody/nogroup.
2024-05-01 21:32:19,153 (root) Initializing Heralding version 1.0.7
2024-05-01 21:32:19,153 (root) Using default config file: "/usr/local/lib/python3.9/dist-packages/heralding/heralding.yml", if you want to customize values please copy this file to the current working directory
2024-05-01 21:32:19,167 (heralding.honeypot) Using default wordlist file: "/usr/local/lib/python3.9/dist-packages/heralding/wordlist.txt", if you want to customize values please copy this file to the current working directory
2024-05-01 21:32:19,168 (heralding.reporting.file_logger) File logger: Using /logs/log_auth.csv to log authentication attempts in CSV format.
2024-05-01 21:32:19,169 (heralding.reporting.file_logger) File logger: Using /logs/log_session.csv to log unified session data in CSV format.
2024-05-01 21:32:19,169 (heralding.reporting.file_logger) File logger: Using /logs/log_session.json to log complete session data in JSON format.
2024-05-01 21:32:19,169 (heralding.honeypot) Started MySQL capability listening on port 3306
2024-05-01 21:32:19,169 (heralding.honeypot) Started Imap capability listening on port 143
2024-05-01 21:32:19,171 (heralding.honeypot) Started Imaps capability listening on port 993
2024-05-01 21:32:19,171 (heralding.honeypot) Started smtp capability listening on port 25
2024-05-01 21:32:19,172 (heralding.honeypot) Started Http capability listening on port 80
2024-05-01 21:32:19,172 (heralding.honeypot) Started Vnc capability listening on port 5900
2024-05-01 21:32:19,172 (heralding.honeypot) Started RDP capability listening on port 3389
2024-05-01 21:32:19,172 (heralding.honeypot) Started PostgreSQL capability listening on port 5432
2024-05-01 21:32:19,173 (heralding.honeypot) Started Pop3 capability listening on port 110
2024-05-01 21:32:19,173 (heralding.honeypot) Started ftp capability listening on port 21
2024-05-01 21:32:19,173 (heralding.honeypot) Started Pop3S capability listening on port 995
2024-05-01 21:32:19,174 (heralding.honeypot) Started https capability listening on port 443
2024-05-01 21:32:19,212 (heralding.honeypot) Started SSH capability listening on port 22
2024-05-01 21:32:19,213 (heralding.honeypot) Started smtps capability listening on port 465
2024-05-01 21:32:19,213 (heralding.honeypot) Started Socks5 capability listening on port 1080
2024-05-01 21:32:19,213 (heralding.honeypot) Started Telnet capability listening on port 23
2024-05-01 21:32:19,214 (root) Privileges dropped, running as nobody/nogroup.
2024-05-01 21:34:16,873 (root) Initializing Heralding version 1.0.7
2024-05-01 21:34:16,874 (root) Using default config file: "/usr/local/lib/python3.9/dist-packages/heralding/heralding.yml", if you want to customize values please copy this file to the current working directory
2024-05-01 21:34:16,887 (heralding.honeypot) Using default wordlist file: "/usr/local/lib/python3.9/dist-packages/heralding/wordlist.txt", if you want to customize values please copy this file to the current working directory
2024-05-01 21:34:16,888 (heralding.reporting.file_logger) File logger: Using /logs/log_auth.csv to log authentication attempts in CSV format.
2024-05-01 21:34:16,888 (heralding.reporting.file_logger) File logger: Using /logs/log_session.csv to log unified session data in CSV format.
2024-05-01 21:34:16,888 (heralding.reporting.file_logger) File logger: Using /logs/log_session.json to log complete session data in JSON format.
2024-05-01 21:34:16,889 (heralding.honeypot) Started MySQL capability listening on port 3306
2024-05-01 21:34:16,889 (heralding.honeypot) Started Imap capability listening on port 143
2024-05-01 21:34:16,890 (heralding.honeypot) Started Imaps capability listening on port 993
2024-05-01 21:34:16,891 (heralding.honeypot) Started smtp capability listening on port 25
2024-05-01 21:34:16,891 (heralding.honeypot) Started Http capability listening on port 80
2024-05-01 21:34:16,891 (heralding.honeypot) Started Vnc capability listening on port 5900
2024-05-01 21:34:16,891 (heralding.honeypot) Started RDP capability listening on port 3389
2024-05-01 21:34:16,891 (heralding.honeypot) Started PostgreSQL capability listening on port 5432
2024-05-01 21:34:16,892 (heralding.honeypot) Started Pop3 capability listening on port 110
2024-05-01 21:34:16,892 (heralding.honeypot) Started ftp capability listening on port 21
2024-05-01 21:34:16,892 (heralding.honeypot) Started Pop3S capability listening on port 995
2024-05-01 21:34:16,893 (heralding.honeypot) Started https capability listening on port 443
2024-05-01 21:34:16,928 (heralding.honeypot) Started SSH capability listening on port 22
2024-05-01 21:34:16,929 (heralding.honeypot) Started smtps capability listening on port 465
2024-05-01 21:34:16,929 (heralding.honeypot) Started Socks5 capability listening on port 1080
2024-05-01 21:34:16,929 (heralding.honeypot) Started Telnet capability listening on port 23
2024-05-01 21:34:16,930 (root) Privileges dropped, running as nobody/nogroup.
2024-05-01 21:38:12,444 (root) Initializing Heralding version 1.0.7
2024-05-01 21:38:12,444 (root) Using default config file: "/usr/local/lib/python3.9/dist-packages/heralding/heralding.yml", if you want to customize values please copy this file to the current working directory
2024-05-01 21:38:12,460 (heralding.honeypot) Using default wordlist file: "/usr/local/lib/python3.9/dist-packages/heralding/wordlist.txt", if you want to customize values please copy this file to the current working directory
2024-05-01 21:38:12,461 (heralding.reporting.file_logger) File logger: Using /logs/log_auth.csv to log authentication attempts in CSV format.
2024-05-01 21:38:12,461 (heralding.reporting.file_logger) File logger: Using /logs/log_session.csv to log unified session data in CSV format.
2024-05-01 21:38:12,461 (heralding.reporting.file_logger) File logger: Using /logs/log_session.json to log complete session data in JSON format.
2024-05-01 21:38:12,462 (heralding.honeypot) Started MySQL capability listening on port 3306
2024-05-01 21:38:12,462 (heralding.honeypot) Started Imap capability listening on port 143
2024-05-01 21:38:12,463 (heralding.honeypot) Started Imaps capability listening on port 993
2024-05-01 21:38:12,464 (heralding.honeypot) Started smtp capability listening on port 25
2024-05-01 21:38:12,464 (heralding.honeypot) Started Http capability listening on port 80
2024-05-01 21:38:12,464 (heralding.honeypot) Started Vnc capability listening on port 5900
2024-05-01 21:38:12,464 (heralding.honeypot) Started RDP capability listening on port 3389
2024-05-01 21:38:12,464 (heralding.honeypot) Started PostgreSQL capability listening on port 5432
2024-05-01 21:38:12,464 (heralding.honeypot) Started Pop3 capability listening on port 110
2024-05-01 21:38:12,465 (heralding.honeypot) Started ftp capability listening on port 21
2024-05-01 21:38:12,465 (heralding.honeypot) Started Pop3S capability listening on port 995
2024-05-01 21:38:12,466 (heralding.honeypot) Started https capability listening on port 443
2024-05-01 21:38:12,501 (heralding.honeypot) Started SSH capability listening on port 22
2024-05-01 21:38:12,501 (heralding.honeypot) Started smtps capability listening on port 465
2024-05-01 21:38:12,502 (heralding.honeypot) Started Socks5 capability listening on port 1080
2024-05-01 21:38:12,502 (heralding.honeypot) Started Telnet capability listening on port 23
2024-05-01 21:38:12,503 (root) Privileges dropped, running as nobody/nogroup.
2024-05-01 21:39:14,840 (root) Initializing Heralding version 1.0.7
2024-05-01 21:39:14,841 (root) Using default config file: "/usr/local/lib/python3.9/dist-packages/heralding/heralding.yml", if you want to customize values please copy this file to the current working directory
2024-05-01 21:39:14,856 (heralding.honeypot) Using default wordlist file: "/usr/local/lib/python3.9/dist-packages/heralding/wordlist.txt", if you want to customize values please copy this file to the current working directory
2024-05-01 21:39:14,856 (heralding.reporting.file_logger) File logger: Using /logs/log_auth.csv to log authentication attempts in CSV format.
2024-05-01 21:39:14,857 (heralding.reporting.file_logger) File logger: Using /logs/log_session.csv to log unified session data in CSV format.
2024-05-01 21:39:14,857 (heralding.reporting.file_logger) File logger: Using /logs/log_session.json to log complete session data in JSON format.
2024-05-01 21:39:14,857 (heralding.honeypot) Started MySQL capability listening on port 3306
2024-05-01 21:39:14,858 (heralding.honeypot) Started Imap capability listening on port 143
2024-05-01 21:39:14,859 (heralding.honeypot) Started Imaps capability listening on port 993
2024-05-01 21:39:14,859 (heralding.honeypot) Started smtp capability listening on port 25
2024-05-01 21:39:14,859 (heralding.honeypot) Started Http capability listening on port 80
2024-05-01 21:39:14,860 (heralding.honeypot) Started Vnc capability listening on port 5900
2024-05-01 21:39:14,860 (heralding.honeypot) Started RDP capability listening on port 3389
2024-05-01 21:39:14,860 (heralding.honeypot) Started PostgreSQL capability listening on port 5432
2024-05-01 21:39:14,860 (heralding.honeypot) Started Pop3 capability listening on port 110
2024-05-01 21:39:14,860 (heralding.honeypot) Started ftp capability listening on port 21
2024-05-01 21:39:14,861 (heralding.honeypot) Started Pop3S capability listening on port 995
2024-05-01 21:39:14,861 (heralding.honeypot) Started https capability listening on port 443
2024-05-01 21:39:14,898 (heralding.honeypot) Started SSH capability listening on port 22
2024-05-01 21:39:14,899 (heralding.honeypot) Started smtps capability listening on port 465
2024-05-01 21:39:14,899 (heralding.honeypot) Started Socks5 capability listening on port 1080
2024-05-01 21:39:14,900 (heralding.honeypot) Started Telnet capability listening on port 23
2024-05-01 21:39:14,901 (root) Privileges dropped, running as nobody/nogroup.
2024-05-01 21:40:24,349 (root) Initializing Heralding version 1.0.7
2024-05-01 21:40:24,349 (root) Using default config file: "/usr/local/lib/python3.9/dist-packages/heralding/heralding.yml", if you want to customize values please copy this file to the current working directory
2024-05-01 21:40:24,364 (heralding.honeypot) Using default wordlist file: "/usr/local/lib/python3.9/dist-packages/heralding/wordlist.txt", if you want to customize values please copy this file to the current working directory
2024-05-01 21:40:24,364 (heralding.reporting.file_logger) File logger: Using /logs/log_auth.csv to log authentication attempts in CSV format.
2024-05-01 21:40:24,365 (heralding.reporting.file_logger) File logger: Using /logs/log_session.csv to log unified session data in CSV format.
2024-05-01 21:40:24,365 (heralding.reporting.file_logger) File logger: Using /logs/log_session.json to log complete session data in JSON format.
2024-05-01 21:40:24,365 (heralding.honeypot) Started MySQL capability listening on port 3306
2024-05-01 21:40:24,366 (heralding.honeypot) Started Imap capability listening on port 143
2024-05-01 21:40:24,367 (heralding.honeypot) Started Imaps capability listening on port 993
2024-05-01 21:40:24,368 (heralding.honeypot) Started smtp capability listening on port 25
2024-05-01 21:40:24,368 (heralding.honeypot) Started Http capability listening on port 80
2024-05-01 21:40:24,368 (heralding.honeypot) Started Vnc capability listening on port 5900
2024-05-01 21:40:24,368 (heralding.honeypot) Started RDP capability listening on port 3389
2024-05-01 21:40:24,368 (heralding.honeypot) Started PostgreSQL capability listening on port 5432
2024-05-01 21:40:24,369 (heralding.honeypot) Started Pop3 capability listening on port 110
2024-05-01 21:40:24,369 (heralding.honeypot) Started ftp capability listening on port 21
2024-05-01 21:40:24,369 (heralding.honeypot) Started Pop3S capability listening on port 995
2024-05-01 21:40:24,370 (heralding.honeypot) Started https capability listening on port 443
2024-05-01 21:40:24,406 (heralding.honeypot) Started SSH capability listening on port 22
2024-05-01 21:40:24,407 (heralding.honeypot) Started smtps capability listening on port 465
2024-05-01 21:40:24,407 (heralding.honeypot) Started Socks5 capability listening on port 1080
2024-05-01 21:40:24,407 (heralding.honeypot) Started Telnet capability listening on port 23
2024-05-01 21:40:24,408 (root) Privileges dropped, running as nobody/nogroup.
2024-05-01 21:43:10,646 (root) Initializing Heralding version 1.0.7
2024-05-01 21:43:10,646 (root) Using default config file: "/usr/local/lib/python3.9/dist-packages/heralding/heralding.yml", if you want to customize values please copy this file to the current working directory
2024-05-01 21:43:10,660 (heralding.honeypot) Using default wordlist file: "/usr/local/lib/python3.9/dist-packages/heralding/wordlist.txt", if you want to customize values please copy this file to the current working directory
2024-05-01 21:43:10,661 (heralding.reporting.file_logger) File logger: Using /logs/log_auth.csv to log authentication attempts in CSV format.
2024-05-01 21:43:10,661 (heralding.reporting.file_logger) File logger: Using /logs/log_session.csv to log unified session data in CSV format.
2024-05-01 21:43:10,661 (heralding.reporting.file_logger) File logger: Using /logs/log_session.json to log complete session data in JSON format.
2024-05-01 21:43:10,662 (heralding.honeypot) Started MySQL capability listening on port 3306
2024-05-01 21:43:10,662 (heralding.honeypot) Started Imap capability listening on port 143
2024-05-01 21:43:10,664 (heralding.honeypot) Started Imaps capability listening on port 993
2024-05-01 21:43:10,664 (heralding.honeypot) Started smtp capability listening on port 25
2024-05-01 21:43:10,664 (heralding.honeypot) Started Http capability listening on port 80
2024-05-01 21:43:10,664 (heralding.honeypot) Started Vnc capability listening on port 5900
2024-05-01 21:43:10,664 (heralding.honeypot) Started RDP capability listening on port 3389
2024-05-01 21:43:10,665 (heralding.honeypot) Started PostgreSQL capability listening on port 5432
2024-05-01 21:43:10,665 (heralding.honeypot) Started Pop3 capability listening on port 110
2024-05-01 21:43:10,665 (heralding.honeypot) Started ftp capability listening on port 21
2024-05-01 21:43:10,665 (heralding.honeypot) Started Pop3S capability listening on port 995
2024-05-01 21:43:10,666 (heralding.honeypot) Started https capability listening on port 443
2024-05-01 21:43:10,701 (heralding.honeypot) Started SSH capability listening on port 22
2024-05-01 21:43:10,702 (heralding.honeypot) Started smtps capability listening on port 465
2024-05-01 21:43:10,702 (heralding.honeypot) Started Socks5 capability listening on port 1080
2024-05-01 21:43:10,702 (heralding.honeypot) Started Telnet capability listening on port 23
2024-05-01 21:43:10,703 (root) Privileges dropped, running as nobody/nogroup.
2024-05-01 21:57:35,294 (root) Initializing Heralding version 1.0.7
2024-05-01 21:57:35,294 (root) Using default config file: "/usr/local/lib/python3.9/dist-packages/heralding/heralding.yml", if you want to customize values please copy this file to the current working directory
2024-05-01 21:57:35,308 (heralding.honeypot) Using default wordlist file: "/usr/local/lib/python3.9/dist-packages/heralding/wordlist.txt", if you want to customize values please copy this file to the current working directory
2024-05-01 21:57:35,309 (heralding.reporting.file_logger) File logger: Using /logs/log_auth.csv to log authentication attempts in CSV format.
2024-05-01 21:57:35,309 (heralding.reporting.file_logger) File logger: Using /logs/log_session.csv to log unified session data in CSV format.
2024-05-01 21:57:35,310 (heralding.reporting.file_logger) File logger: Using /logs/log_session.json to log complete session data in JSON format.
2024-05-01 21:57:35,310 (heralding.honeypot) Started MySQL capability listening on port 3306
2024-05-01 21:57:35,310 (heralding.honeypot) Started Imap capability listening on port 143
2024-05-01 21:57:35,312 (heralding.honeypot) Started Imaps capability listening on port 993
2024-05-01 21:57:35,312 (heralding.honeypot) Started smtp capability listening on port 25
2024-05-01 21:57:35,312 (heralding.honeypot) Started Http capability listening on port 80
2024-05-01 21:57:35,313 (heralding.honeypot) Started Vnc capability listening on port 5900
2024-05-01 21:57:35,313 (heralding.honeypot) Started RDP capability listening on port 3389
2024-05-01 21:57:35,313 (heralding.honeypot) Started PostgreSQL capability listening on port 5432
2024-05-01 21:57:35,313 (heralding.honeypot) Started Pop3 capability listening on port 110
2024-05-01 21:57:35,313 (heralding.honeypot) Started ftp capability listening on port 21
2024-05-01 21:57:35,314 (heralding.honeypot) Started Pop3S capability listening on port 995
2024-05-01 21:57:35,314 (heralding.honeypot) Started https capability listening on port 443
2024-05-01 21:57:35,351 (heralding.honeypot) Started SSH capability listening on port 22
2024-05-01 21:57:35,351 (heralding.honeypot) Started smtps capability listening on port 465
2024-05-01 21:57:35,351 (heralding.honeypot) Started Socks5 capability listening on port 1080
2024-05-01 21:57:35,351 (heralding.honeypot) Started Telnet capability listening on port 23
2024-05-01 21:57:35,352 (root) Privileges dropped, running as nobody/nogroup.
2024-05-01 22:01:19,687 (root) Initializing Heralding version 1.0.7
2024-05-01 22:01:19,688 (root) Using default config file: "/usr/local/lib/python3.9/dist-packages/heralding/heralding.yml", if you want to customize values please copy this file to the current working directory
2024-05-01 22:01:19,703 (heralding.honeypot) Using default wordlist file: "/usr/local/lib/python3.9/dist-packages/heralding/wordlist.txt", if you want to customize values please copy this file to the current working directory
2024-05-01 22:01:19,704 (heralding.reporting.file_logger) File logger: Using /logs/log_auth.csv to log authentication attempts in CSV format.
2024-05-01 22:01:19,704 (heralding.reporting.file_logger) File logger: Using /logs/log_session.csv to log unified session data in CSV format.
2024-05-01 22:01:19,704 (heralding.reporting.file_logger) File logger: Using /logs/log_session.json to log complete session data in JSON format.
2024-05-01 22:01:19,705 (heralding.honeypot) Started MySQL capability listening on port 3306
2024-05-01 22:01:19,705 (heralding.honeypot) Started Imap capability listening on port 143
2024-05-01 22:01:19,707 (heralding.honeypot) Started Imaps capability listening on port 993
2024-05-01 22:01:19,707 (heralding.honeypot) Started smtp capability listening on port 25
2024-05-01 22:01:19,707 (heralding.honeypot) Started Http capability listening on port 80
2024-05-01 22:01:19,707 (heralding.honeypot) Started Vnc capability listening on port 5900
2024-05-01 22:01:19,708 (heralding.honeypot) Started RDP capability listening on port 3389
2024-05-01 22:01:19,708 (heralding.honeypot) Started PostgreSQL capability listening on port 5432
2024-05-01 22:01:19,708 (heralding.honeypot) Started Pop3 capability listening on port 110
2024-05-01 22:01:19,708 (heralding.honeypot) Started ftp capability listening on port 21
2024-05-01 22:01:19,709 (heralding.honeypot) Started Pop3S capability listening on port 995
2024-05-01 22:01:19,709 (heralding.honeypot) Started https capability listening on port 443
2024-05-01 22:01:19,745 (heralding.honeypot) Started SSH capability listening on port 22
2024-05-01 22:01:19,745 (heralding.honeypot) Started smtps capability listening on port 465
2024-05-01 22:01:19,746 (heralding.honeypot) Started Socks5 capability listening on port 1080
2024-05-01 22:01:19,746 (heralding.honeypot) Started Telnet capability listening on port 23
2024-05-01 22:01:19,746 (root) Privileges dropped, running as nobody/nogroup.
2024-05-03 16:44:46,127 (root) Initializing Heralding version 1.0.7
2024-05-03 16:44:46,129 (root) Using default config file: "/usr/local/lib/python3.9/dist-packages/heralding/heralding.yml", if you want to customize values please copy this file to the current working directory
2024-05-03 16:44:46,145 (heralding.honeypot) Using default wordlist file: "/usr/local/lib/python3.9/dist-packages/heralding/wordlist.txt", if you want to customize values please copy this file to the current working directory
2024-05-03 16:44:46,146 (heralding.reporting.file_logger) File logger: Using /logs/log_auth.csv to log authentication attempts in CSV format.
2024-05-03 16:44:46,146 (heralding.reporting.file_logger) File logger: Using /logs/log_session.csv to log unified session data in CSV format.
2024-05-03 16:44:46,146 (heralding.reporting.file_logger) File logger: Using /logs/log_session.json to log complete session data in JSON format.
2024-05-03 16:44:46,147 (heralding.honeypot) Started MySQL capability listening on port 3306
2024-05-03 16:44:46,147 (heralding.honeypot) Started Imap capability listening on port 143
2024-05-03 16:44:46,154 (heralding.honeypot) Started Imaps capability listening on port 993
2024-05-03 16:44:46,154 (heralding.honeypot) Started smtp capability listening on port 25
2024-05-03 16:44:46,154 (heralding.honeypot) Started Http capability listening on port 80
2024-05-03 16:44:46,154 (heralding.honeypot) Started Vnc capability listening on port 5900
2024-05-03 16:44:46,155 (heralding.honeypot) Started RDP capability listening on port 3389
2024-05-03 16:44:46,155 (heralding.honeypot) Started PostgreSQL capability listening on port 5432
2024-05-03 16:44:46,155 (heralding.honeypot) Started Pop3 capability listening on port 110
2024-05-03 16:44:46,155 (heralding.honeypot) Started ftp capability listening on port 21
2024-05-03 16:44:46,156 (heralding.honeypot) Started Pop3S capability listening on port 995
2024-05-03 16:44:46,157 (heralding.honeypot) Started https capability listening on port 443
2024-05-03 16:44:46,197 (heralding.honeypot) Started SSH capability listening on port 22
2024-05-03 16:44:46,198 (heralding.honeypot) Started smtps capability listening on port 465
2024-05-03 16:44:46,198 (heralding.honeypot) Started Socks5 capability listening on port 1080
2024-05-03 16:44:46,198 (heralding.honeypot) Started Telnet capability listening on port 23
2024-05-03 16:44:46,199 (root) Privileges dropped, running as nobody/nogroup.
2024-05-03 16:54:13,224 (root) Initializing Heralding version 1.0.7
2024-05-03 16:54:13,224 (root) Using default config file: "/usr/local/lib/python3.9/dist-packages/heralding/heralding.yml", if you want to customize values please copy this file to the current working directory
2024-05-03 16:54:13,243 (heralding.honeypot) Using default wordlist file: "/usr/local/lib/python3.9/dist-packages/heralding/wordlist.txt", if you want to customize values please copy this file to the current working directory
2024-05-03 16:54:13,244 (heralding.reporting.file_logger) File logger: Using /logs/log_auth.csv to log authentication attempts in CSV format.
2024-05-03 16:54:13,244 (heralding.reporting.file_logger) File logger: Using /logs/log_session.csv to log unified session data in CSV format.
2024-05-03 16:54:13,244 (heralding.reporting.file_logger) File logger: Using /logs/log_session.json to log complete session data in JSON format.
2024-05-03 16:54:13,245 (heralding.honeypot) Started MySQL capability listening on port 3306
2024-05-03 16:54:13,245 (heralding.honeypot) Started Imap capability listening on port 143
2024-05-03 16:54:13,247 (heralding.honeypot) Started Imaps capability listening on port 993
2024-05-03 16:54:13,247 (heralding.honeypot) Started smtp capability listening on port 25
2024-05-03 16:54:13,247 (heralding.honeypot) Started Http capability listening on port 80
2024-05-03 16:54:13,248 (heralding.honeypot) Started Vnc capability listening on port 5900
2024-05-03 16:54:13,248 (heralding.honeypot) Started RDP capability listening on port 3389
2024-05-03 16:54:13,248 (heralding.honeypot) Started PostgreSQL capability listening on port 5432
2024-05-03 16:54:13,248 (heralding.honeypot) Started Pop3 capability listening on port 110
2024-05-03 16:54:13,248 (heralding.honeypot) Started ftp capability listening on port 21
2024-05-03 16:54:13,249 (heralding.honeypot) Started Pop3S capability listening on port 995
2024-05-03 16:54:13,249 (heralding.honeypot) Started https capability listening on port 443
2024-05-03 16:54:13,292 (heralding.honeypot) Started SSH capability listening on port 22
2024-05-03 16:54:13,293 (heralding.honeypot) Started smtps capability listening on port 465
2024-05-03 16:54:13,293 (heralding.honeypot) Started Socks5 capability listening on port 1080
2024-05-03 16:54:13,293 (heralding.honeypot) Started Telnet capability listening on port 23
2024-05-03 16:54:13,298 (root) Privileges dropped, running as nobody/nogroup.
2024-05-03 21:29:55,894 (root) Initializing Heralding version 1.0.7
2024-05-03 21:29:55,896 (root) Using default config file: "/usr/local/lib/python3.9/dist-packages/heralding/heralding.yml", if you want to customize values please copy this file to the current working directory
2024-05-03 21:29:55,912 (heralding.honeypot) Using default wordlist file: "/usr/local/lib/python3.9/dist-packages/heralding/wordlist.txt", if you want to customize values please copy this file to the current working directory
2024-05-03 21:29:55,914 (heralding.reporting.file_logger) File logger: Using /logs/log_auth.csv to log authentication attempts in CSV format.
2024-05-03 21:29:55,914 (heralding.reporting.file_logger) File logger: Using /logs/log_session.csv to log unified session data in CSV format.
2024-05-03 21:29:55,914 (heralding.reporting.file_logger) File logger: Using /logs/log_session.json to log complete session data in JSON format.
2024-05-03 21:29:55,915 (heralding.honeypot) Started MySQL capability listening on port 3306
2024-05-03 21:29:55,915 (heralding.honeypot) Started Imap capability listening on port 143
2024-05-03 21:29:55,921 (heralding.honeypot) Started Imaps capability listening on port 993
2024-05-03 21:29:55,921 (heralding.honeypot) Started smtp capability listening on port 25
2024-05-03 21:29:55,921 (heralding.honeypot) Started Http capability listening on port 80
2024-05-03 21:29:55,921 (heralding.honeypot) Started Vnc capability listening on port 5900
2024-05-03 21:29:55,921 (heralding.honeypot) Started RDP capability listening on port 3389
2024-05-03 21:29:55,922 (heralding.honeypot) Started PostgreSQL capability listening on port 5432
2024-05-03 21:29:55,922 (heralding.honeypot) Started Pop3 capability listening on port 110
2024-05-03 21:29:55,922 (heralding.honeypot) Started ftp capability listening on port 21
2024-05-03 21:29:55,923 (heralding.honeypot) Started Pop3S capability listening on port 995
2024-05-03 21:29:55,923 (heralding.honeypot) Started https capability listening on port 443
2024-05-03 21:29:55,962 (heralding.honeypot) Started SSH capability listening on port 22
2024-05-03 21:29:55,963 (heralding.honeypot) Started smtps capability listening on port 465
2024-05-03 21:29:55,963 (heralding.honeypot) Started Socks5 capability listening on port 1080
2024-05-03 21:29:55,963 (heralding.honeypot) Started Telnet capability listening on port 23
2024-05-03 21:29:55,964 (root) Privileges dropped, running as nobody/nogroup.
2024-05-03 21:37:46,318 (root) Initializing Heralding version 1.0.7
2024-05-03 21:37:46,318 (root) Using default config file: "/usr/local/lib/python3.9/dist-packages/heralding/heralding.yml", if you want to customize values please copy this file to the current working directory
2024-05-03 21:37:46,332 (heralding.honeypot) Using default wordlist file: "/usr/local/lib/python3.9/dist-packages/heralding/wordlist.txt", if you want to customize values please copy this file to the current working directory
2024-05-03 21:37:46,333 (heralding.reporting.file_logger) File logger: Using /logs/log_auth.csv to log authentication attempts in CSV format.
2024-05-03 21:37:46,333 (heralding.reporting.file_logger) File logger: Using /logs/log_session.csv to log unified session data in CSV format.
2024-05-03 21:37:46,333 (heralding.reporting.file_logger) File logger: Using /logs/log_session.json to log complete session data in JSON format.
2024-05-03 21:37:46,334 (heralding.honeypot) Started MySQL capability listening on port 3306
2024-05-03 21:37:46,334 (heralding.honeypot) Started Imap capability listening on port 143
2024-05-03 21:37:46,335 (heralding.honeypot) Started Imaps capability listening on port 993
2024-05-03 21:37:46,336 (heralding.honeypot) Started smtp capability listening on port 25
2024-05-03 21:37:46,336 (heralding.honeypot) Started Http capability listening on port 80
2024-05-03 21:37:46,336 (heralding.honeypot) Started Vnc capability listening on port 5900
2024-05-03 21:37:46,336 (heralding.honeypot) Started RDP capability listening on port 3389
2024-05-03 21:37:46,336 (heralding.honeypot) Started PostgreSQL capability listening on port 5432
2024-05-03 21:37:46,337 (heralding.honeypot) Started Pop3 capability listening on port 110
2024-05-03 21:37:46,337 (heralding.honeypot) Started ftp capability listening on port 21
2024-05-03 21:37:46,337 (heralding.honeypot) Started Pop3S capability listening on port 995
2024-05-03 21:37:46,338 (heralding.honeypot) Started https capability listening on port 443
2024-05-03 21:37:46,373 (heralding.honeypot) Started SSH capability listening on port 22
2024-05-03 21:37:46,374 (heralding.honeypot) Started smtps capability listening on port 465
2024-05-03 21:37:46,374 (heralding.honeypot) Started Socks5 capability listening on port 1080
2024-05-03 21:37:46,374 (heralding.honeypot) Started Telnet capability listening on port 23
2024-05-03 21:37:46,375 (root) Privileges dropped, running as nobody/nogroup.
2024-05-03 21:50:10,954 (root) Initializing Heralding version 1.0.7
2024-05-03 21:50:10,955 (root) Using default config file: "/usr/local/lib/python3.9/dist-packages/heralding/heralding.yml", if you want to customize values please copy this file to the current working directory
2024-05-03 21:50:10,971 (heralding.honeypot) Using default wordlist file: "/usr/local/lib/python3.9/dist-packages/heralding/wordlist.txt", if you want to customize values please copy this file to the current working directory
2024-05-03 21:50:10,972 (heralding.reporting.file_logger) File logger: Using /logs/log_auth.csv to log authentication attempts in CSV format.
2024-05-03 21:50:10,972 (heralding.reporting.file_logger) File logger: Using /logs/log_session.csv to log unified session data in CSV format.
2024-05-03 21:50:10,972 (heralding.reporting.file_logger) File logger: Using /logs/log_session.json to log complete session data in JSON format.
2024-05-03 21:50:10,973 (heralding.honeypot) Started MySQL capability listening on port 3306
2024-05-03 21:50:10,973 (heralding.honeypot) Started Imap capability listening on port 143
2024-05-03 21:50:10,975 (heralding.honeypot) Started Imaps capability listening on port 993
2024-05-03 21:50:10,975 (heralding.honeypot) Started smtp capability listening on port 25
2024-05-03 21:50:10,975 (heralding.honeypot) Started Http capability listening on port 80
2024-05-03 21:50:10,975 (heralding.honeypot) Started Vnc capability listening on port 5900
2024-05-03 21:50:10,976 (heralding.honeypot) Started RDP capability listening on port 3389
2024-05-03 21:50:10,976 (heralding.honeypot) Started PostgreSQL capability listening on port 5432
2024-05-03 21:50:10,976 (heralding.honeypot) Started Pop3 capability listening on port 110
2024-05-03 21:50:10,976 (heralding.honeypot) Started ftp capability listening on port 21
2024-05-03 21:50:10,977 (heralding.honeypot) Started Pop3S capability listening on port 995
2024-05-03 21:50:10,977 (heralding.honeypot) Started https capability listening on port 443
2024-05-03 21:50:11,014 (heralding.honeypot) Started SSH capability listening on port 22
2024-05-03 21:50:11,015 (heralding.honeypot) Started smtps capability listening on port 465
2024-05-03 21:50:11,015 (heralding.honeypot) Started Socks5 capability listening on port 1080
2024-05-03 21:50:11,015 (heralding.honeypot) Started Telnet capability listening on port 23
2024-05-03 21:50:11,016 (root) Privileges dropped, running as nobody/nogroup.
